0 info it worked if it ends with ok
1 verbose cli [ '/home/abhishek/.nvm/versions/node/v8.12.0/bin/node',
1 verbose cli   '/home/abhishek/.nvm/versions/node/v8.12.0/bin/npm',
1 verbose cli   'start' ]
2 info using npm@2.15.12
3 info using node@v8.12.0
4 verbose run-script [ 'prestart', 'start', 'poststart' ]
5 info prestart my-app@0.1.0
6 info start my-app@0.1.0
7 verbose unsafe-perm in lifecycle true
8 info my-app@0.1.0 Failed to exec start script
9 verbose stack Error: my-app@0.1.0 start: `react-scripts start`
9 verbose stack Exit status 1
9 verbose stack     at EventEmitter.<anonymous> (/home/abhishek/.nvm/versions/node/v8.12.0/lib/node_modules/npm/lib/utils/lifecycle.js:217:16)
9 verbose stack     at emitTwo (events.js:126:13)
9 verbose stack     at EventEmitter.emit (events.js:214:7)
9 verbose stack     at ChildProcess.<anonymous> (/home/abhishek/.nvm/versions/node/v8.12.0/lib/node_modules/npm/lib/utils/spawn.js:24:14)
9 verbose stack     at emitTwo (events.js:126:13)
9 verbose stack     at ChildProcess.emit (events.js:214:7)
9 verbose stack     at maybeClose (internal/child_process.js:915:16)
9 verbose stack     at Process.ChildProcess._handle.onexit (internal/child_process.js:209:5)
10 verbose pkgid my-app@0.1.0
11 verbose cwd /home/abhishek/workspace/react-www/my-app
12 error Linux 5.15.0-89-generic
13 error argv "/home/abhishek/.nvm/versions/node/v8.12.0/bin/node" "/home/abhishek/.nvm/versions/node/v8.12.0/bin/npm" "start"
14 error node v8.12.0
15 error npm  v2.15.12
16 error code ELIFECYCLE
17 error my-app@0.1.0 start: `react-scripts start`
17 error Exit status 1
18 error Failed at the my-app@0.1.0 start script 'react-scripts start'.
18 error This is most likely a problem with the my-app package,
18 error not with npm itself.
18 error Tell the author that this fails on your system:
18 error     react-scripts start
18 error You can get information on how to open an issue for this project with:
18 error     npm bugs my-app
18 error Or if that isn't available, you can get their info via:
18 error
18 error     npm owner ls my-app
18 error There is likely additional logging output above.
19 verbose exit [ 1, true ]
